<?xml version="1.0" encoding="UTF-8"?>
<!-- Generated by org.testng.reporters.JUnitXMLReporter -->
<testsuite ignored="0" hostname="DESKTOP-2UU2DU2" failures="0" tests="3" name="Default test" time="14.874" errors="0" timestamp="2022-10-19T18:02:59 IST">
  <testcase classname="com.maps.qa.testcases.LoginPageTest" name="loginPageTitleTest" time="0.012"/>
  <testcase classname="com.maps.qa.testcases.LoginPageTest" name="mapsappLogoTest" time="0.037"/>
  <testcase classname="com.maps.qa.testcases.LoginPageTest" name="loginpage" time="0.171"/>
</testsuite> <!-- Default test -->
