<?xml version="1.0" encoding="UTF-8"?>
<testng-results ignored="0" total="3" passed="3" failed="0" skipped="0">
  <reporter-output>
  </reporter-output>
  <suite started-at="2022-10-19T18:02:44 IST" name="Default suite" finished-at="2022-10-19T18:02:59 IST" duration-ms="14874">
    <groups>
    </groups>
    <test started-at="2022-10-19T18:02:44 IST" name="Default test" finished-at="2022-10-19T18:02:59 IST" duration-ms="14874">
      <class name="com.maps.qa.testcases.LoginPageTest">
        <test-method is-config="true" signature="setup()[pri:0, instance:com.maps.qa.testcases.LoginPageTest@223d2c72]" started-at="2022-10-19T18:02:44 IST" name="setup" finished-at="2022-10-19T18:02:49 IST" duration-ms="5177" status="PASS">
          <reporter-output>
          </reporter-output>
        </test-method> <!-- setup -->
        <test-method signature="loginPageTitleTest()[pri:1, instance:com.maps.qa.testcases.LoginPageTest@223d2c72]" started-at="2022-10-19T18:02:49 IST" name="loginPageTitleTest" finished-at="2022-10-19T18:02:49 IST" duration-ms="12" status="PASS">
          <reporter-output>
          </reporter-output>
        </test-method> <!-- loginPageTitleTest -->
        <test-method is-config="true" signature="teardown()[pri:0, instance:com.maps.qa.testcases.LoginPageTest@223d2c72]" started-at="2022-10-19T18:02:49 IST" name="teardown" finished-at="2022-10-19T18:02:49 IST" duration-ms="120" status="PASS">
          <reporter-output>
          </reporter-output>
        </test-method> <!-- teardown -->
        <test-method is-config="true" signature="setup()[pri:0, instance:com.maps.qa.testcases.LoginPageTest@223d2c72]" started-at="2022-10-19T18:02:49 IST" name="setup" finished-at="2022-10-19T18:02:53 IST" duration-ms="4230" status="PASS">
          <reporter-output>
          </reporter-output>
        </test-method> <!-- setup -->
        <test-method signature="mapsappLogoTest()[pri:2, instance:com.maps.qa.testcases.LoginPageTest@223d2c72]" started-at="2022-10-19T18:02:53 IST" name="mapsappLogoTest" finished-at="2022-10-19T18:02:54 IST" duration-ms="37" status="PASS">
          <reporter-output>
          </reporter-output>
        </test-method> <!-- mapsappLogoTest -->
        <test-method is-config="true" signature="teardown()[pri:0, instance:com.maps.qa.testcases.LoginPageTest@223d2c72]" started-at="2022-10-19T18:02:54 IST" name="teardown" finished-at="2022-10-19T18:02:54 IST" duration-ms="126" status="PASS">
          <reporter-output>
          </reporter-output>
        </test-method> <!-- teardown -->
        <test-method is-config="true" signature="setup()[pri:0, instance:com.maps.qa.testcases.LoginPageTest@223d2c72]" started-at="2022-10-19T18:02:54 IST" name="setup" finished-at="2022-10-19T18:02:58 IST" duration-ms="4834" status="PASS">
          <reporter-output>
          </reporter-output>
        </test-method> <!-- setup -->
        <test-method signature="loginpage()[pri:3, instance:com.maps.qa.testcases.LoginPageTest@223d2c72]" started-at="2022-10-19T18:02:58 IST" name="loginpage" finished-at="2022-10-19T18:02:59 IST" duration-ms="171" status="PASS">
          <reporter-output>
          </reporter-output>
        </test-method> <!-- loginpage -->
        <test-method is-config="true" signature="teardown()[pri:0, instance:com.maps.qa.testcases.LoginPageTest@223d2c72]" started-at="2022-10-19T18:02:59 IST" name="teardown" finished-at="2022-10-19T18:02:59 IST" duration-ms="133" status="PASS">
          <reporter-output>
          </reporter-output>
        </test-method> <!-- teardown -->
      </class> <!-- com.maps.qa.testcases.LoginPageTest -->
    </test> <!-- Default test -->
  </suite> <!-- Default suite -->
</testng-results>
